<?xml version="1.0" encoding="UTF-8"?>
<testsuite name="lu.uni.e4l.platform.service.CalculatorServiceTest" tests="1" skipped="0" failures="0" errors="0" timestamp="2023-10-11T08:59:52" hostname="dev-env-e4l" time="1.617">
  <properties/>
  <testcase name="calculate" classname="lu.uni.e4l.platform.service.CalculatorServiceTest" time="1.617"/>
  <system-out><![CDATA[]]></system-out>
  <system-err><![CDATA[]]></system-err>
</testsuite>
